<?xml version="1.0" encoding="UTF-8"?>
<!-- Generated by org.testng.reporters.JUnitXMLReporter -->
<testsuite ignored="0" hostname="L201141" failures="0" tests="6" name="FitPeoAutomationTests" time="57.868" errors="0" timestamp="2024-11-26T15:51:33 IST">
  <testcase classname="Launch.TestRunner" name="VerifyHomeTitle" time="0.048"/>
  <testcase classname="Launch.TestRunner" name="NavigateAndVerifyRevenuePageTitle" time="1.282"/>
  <testcase classname="Launch.TestRunner" name="VerifySlider" time="1.606"/>
  <testcase classname="Launch.TestRunner" name="AdjustSlider" time="1.379"/>
  <testcase classname="Launch.TestRunner" name="ClickCPTcodes" time="6.062"/>
  <testcase classname="Launch.TestRunner" name="Validate_Recurring_Amount" time="6.08"/>
</testsuite> <!-- FitPeoAutomationTests -->
